<?xml version="1.0" encoding="UTF-8"?>
<!-- Generated by org.testng.reporters.JUnitXMLReporter -->
<testsuite hostname="DESKTOP-5T9DD7B" ignored="0" name="FlightLogin" tests="1" failures="0" timestamp="07 Apr 2018 07:06:11 GMT" time="11.935" errors="0">
  <testcase name="@AfterTest destroy" time="0.001" classname="parameters.FlightLogin">
    <failure type="java.lang.NullPointerException">
      <![CDATA[java.lang.NullPointerException
at parameters.FlightLogin.destroy(FlightLogin.java:40)
... Removed 24 stack frames]]>
    </failure>
  </testcase> <!-- @AfterTest destroy -->
  <testcase name="executeTest" time="6.52" classname="parameters.FlightLogin"/>
</testsuite> <!-- FlightLogin -->
